<?xml version="1.0" encoding="UTF-8"?>
<testsuite name="org.wecancodeit.reviewsitemvcjalynjenkins.ShoeRepositoryTest" tests="2" skipped="0" failures="0" errors="0" timestamp="2022-06-14T17:42:53" hostname="PRIVATE-DANCERs-MacBook-Pro.local" time="0.055">
  <properties/>
  <testcase name="shouldFindShoeOne()" classname="org.wecancodeit.reviewsitemvcjalynjenkins.ShoeRepositoryTest" time="0.005"/>
  <testcase name="shouldFindShoeOneAndShoeTwo()" classname="org.wecancodeit.reviewsitemvcjalynjenkins.ShoeRepositoryTest" time="0.05"/>
  <system-out><![CDATA[]]></system-out>
  <system-err><![CDATA[]]></system-err>
</testsuite>
