<?xml version="1.0" encoding="UTF-8"?>
<testsuite name="org.wecancodeit.reviewsitemvcjalynjenkins.ShoeRepositoryTest" tests="2" skipped="0" failures="0" errors="0" timestamp="2022-06-11T03:24:08" hostname="PRIVATENCERsMBP.attlocal.net" time="0.074">
  <properties/>
  <testcase name="shouldFindShoeOne()" classname="org.wecancodeit.reviewsitemvcjalynjenkins.ShoeRepositoryTest" time="0.004"/>
  <testcase name="shouldFindShoeOneAndShoeTwo()" classname="org.wecancodeit.reviewsitemvcjalynjenkins.ShoeRepositoryTest" time="0.07"/>
  <system-out><![CDATA[]]></system-out>
  <system-err><![CDATA[]]></system-err>
</testsuite>
