<?xml version="1.0" encoding="UTF-8"?>
<testsuite name="org.wecancodeit.reviewsitemvcjalynjenkins.ShoeControllerMvcTest" tests="4" skipped="0" failures="0" errors="0" timestamp="2022-06-11T03:24:07" hostname="PRIVATENCERsMBP.attlocal.net" time="0.259">
  <properties/>
  <testcase name="shouldFindOneShoeInModel()" classname="org.wecancodeit.reviewsitemvcjalynjenkins.ShoeControllerMvcTest" time="0.226"/>
  <testcase name="shouldBeOkForOneShoeInTheShoeTemplate()" classname="org.wecancodeit.reviewsitemvcjalynjenkins.ShoeControllerMvcTest" time="0.007"/>
  <testcase name="shouldBeOkForAllShoesInTheShoesTemplate()" classname="org.wecancodeit.reviewsitemvcjalynjenkins.ShoeControllerMvcTest" time="0.011"/>
  <testcase name="shouldFindAllShoesInModel()" classname="org.wecancodeit.reviewsitemvcjalynjenkins.ShoeControllerMvcTest" time="0.009"/>
  <system-out><![CDATA[2022-06-10 23:24:07.463  INFO 32811 --- [    Test worker] .b.t.a.w.s.WebMvcTestContextBootstrapper : Neither @ContextConfiguration nor @ContextHierarchy found for test class [org.wecancodeit.reviewsitemvcjalynjenkins.ShoeControllerMvcTest], using SpringBootContextLoader
2022-06-10 23:24:07.464  INFO 32811 --- [    Test worker] o.s.t.c.support.AbstractContextLoader    : Could not detect default resource locations for test class [org.wecancodeit.reviewsitemvcjalynjenkins.ShoeControllerMvcTest]: no resource found for suffixes {-context.xml, Context.groovy}.
2022-06-10 23:24:07.464  INFO 32811 --- [    Test worker] t.c.s.AnnotationConfigContextLoaderUtils : Could not detect default configuration classes for test class [org.wecancodeit.reviewsitemvcjalynjenkins.ShoeControllerMvcTest]: ShoeControllerMvcTest does not declare any static, non-private, non-final, nested classes annotated with @Configuration.
2022-06-10 23:24:07.482  INFO 32811 --- [    Test worker] .b.t.c.SpringBootTestContextBootstrapper : Found @SpringBootConfiguration org.wecancodeit.reviewsitemvcjalynjenkins.ReviewSiteApplication for test class org.wecancodeit.reviewsitemvcjalynjenkins.ShoeControllerMvcTest
2022-06-10 23:24:07.483  INFO 32811 --- [    Test worker] .b.t.a.w.s.WebMvcTestContextBootstrapper : Loaded default TestExecutionListener class names from location [META-INF/spring.factories]: [org.springframework.boot.test.autoconfigure.restdocs.RestDocsTestExecutionListener, org.springframework.boot.test.autoconfigure.web.client.MockRestServiceServerResetTestExecutionListener, org.springframework.boot.test.autoconfigure.web.servlet.MockMvcPrintOnlyOnFailureTestExecutionListener, org.springframework.boot.test.autoconfigure.web.servlet.WebDriverTestExecutionListener, org.springframework.boot.test.autoconfigure.webservices.client.MockWebServiceServerTestExecutionListener, org.springframework.boot.test.mock.mockito.MockitoTestExecutionListener, org.springframework.boot.test.mock.mockito.ResetMocksTestExecutionListener, org.springframework.test.context.web.ServletTestExecutionListener, org.springframework.test.context.support.DirtiesContextBeforeModesTestExecutionListener, org.springframework.test.context.event.ApplicationEventsTestExecutionListener, org.springframework.test.context.support.DependencyInjectionTestExecutionListener, org.springframework.test.context.support.DirtiesContextTestExecutionListener, org.springframework.test.context.transaction.TransactionalTestExecutionListener, org.springframework.test.context.jdbc.SqlScriptsTestExecutionListener, org.springframework.test.context.event.EventPublishingTestExecutionListener]
2022-06-10 23:24:07.484  INFO 32811 --- [    Test worker] .b.t.a.w.s.WebMvcTestContextBootstrapper : Using TestExecutionListeners: [org.springframework.test.context.web.ServletTestExecutionListener@7f4e5a39, org.springframework.test.context.support.DirtiesContextBeforeModesTestExecutionListener@33de7f3d, org.springframework.test.context.event.ApplicationEventsTestExecutionListener@30159886, org.springframework.boot.test.mock.mockito.MockitoTestExecutionListener@5d66ae3a, org.springframework.boot.test.autoconfigure.SpringBootDependencyInjectionTestExecutionListener@50f4b83d, org.springframework.test.context.support.DirtiesContextTestExecutionListener@10131289, org.springframework.test.context.event.EventPublishingTestExecutionListener@c5e69a5, org.springframework.boot.test.autoconfigure.restdocs.RestDocsTestExecutionListener@64a1116a, org.springframework.boot.test.autoconfigure.web.client.MockRestServiceServerResetTestExecutionListener@11e17893, org.springframework.boot.test.autoconfigure.web.servlet.MockMvcPrintOnlyOnFailureTestExecutionListener@19eea77c, org.springframework.boot.test.autoconfigure.web.servlet.WebDriverTestExecutionListener@6682e6a5, org.springframework.boot.test.autoconfigure.webservices.client.MockWebServiceServerTestExecutionListener@ac4915e, org.springframework.boot.test.mock.mockito.ResetMocksTestExecutionListener@10fb4575]

  .   ____          _            __ _ _
 /\\ / ___'_ __ _ _(_)_ __  __ _ \ \ \ \
( ( )\___ | '_ | '_| | '_ \/ _` | \ \ \ \
 \\/  ___)| |_)| | | | | || (_| |  ) ) ) )
  '  |____| .__|_| |_|_| |_\__, | / / / /
 =========|_|==============|___/=/_/_/_/
 :: Spring Boot ::                (v2.7.0)

2022-06-10 23:24:07.633  INFO 32811 --- [    Test worker] o.w.r.ShoeControllerMvcTest              : Starting ShoeControllerMvcTest using Java 11.0.14.1 on PRIVATE-DANCERs-MacBook-Pro.local with PID 32811 (started by jawnaddict in /Users/jawnaddict/wcci-pt-april-2022/review-site-mvc-jalynjenkins)
2022-06-10 23:24:07.634  INFO 32811 --- [    Test worker] o.w.r.ShoeControllerMvcTest              : No active profile set, falling back to 1 default profile: "default"
2022-06-10 23:24:07.941  INFO 32811 --- [    Test worker] o.s.b.t.m.w.SpringBootMockServletContext : Initializing Spring TestDispatcherServlet ''
2022-06-10 23:24:07.941  INFO 32811 --- [    Test worker] o.s.t.web.servlet.TestDispatcherServlet  : Initializing Servlet ''
2022-06-10 23:24:07.942  INFO 32811 --- [    Test worker] o.s.t.web.servlet.TestDispatcherServlet  : Completed initialization in 1 ms
2022-06-10 23:24:07.955  INFO 32811 --- [    Test worker] o.w.r.ShoeControllerMvcTest              : Started ShoeControllerMvcTest in 0.341 seconds (JVM running for 3.877)
]]></system-out>
  <system-err><![CDATA[]]></system-err>
</testsuite>
