<?xml version="1.0" encoding="UTF-8"?>
<testsuite name="org.wecancodeit.reviewsitemvcjalynjenkins.ReviewSiteApplicationTests" tests="1" skipped="0" failures="0" errors="0" timestamp="2022-06-14T17:42:53" hostname="PRIVATE-DANCERs-MacBook-Pro.local" time="0.003">
  <properties/>
  <testcase name="contextLoads()" classname="org.wecancodeit.reviewsitemvcjalynjenkins.ReviewSiteApplicationTests" time="0.003"/>
  <system-out><![CDATA[2022-06-14 13:42:53.089  INFO 3713 --- [    Test worker] .b.t.c.SpringBootTestContextBootstrapper : Neither @ContextConfiguration nor @ContextHierarchy found for test class [org.wecancodeit.reviewsitemvcjalynjenkins.ReviewSiteApplicationTests], using SpringBootContextLoader
2022-06-14 13:42:53.089  INFO 3713 --- [    Test worker] o.s.t.c.support.AbstractContextLoader    : Could not detect default resource locations for test class [org.wecancodeit.reviewsitemvcjalynjenkins.ReviewSiteApplicationTests]: no resource found for suffixes {-context.xml, Context.groovy}.
2022-06-14 13:42:53.090  INFO 3713 --- [    Test worker] t.c.s.AnnotationConfigContextLoaderUtils : Could not detect default configuration classes for test class [org.wecancodeit.reviewsitemvcjalynjenkins.ReviewSiteApplicationTests]: ReviewSiteApplicationTests does not declare any static, non-private, non-final, nested classes annotated with @Configuration.
2022-06-14 13:42:53.092  INFO 3713 --- [    Test worker] .b.t.c.SpringBootTestContextBootstrapper : Found @SpringBootConfiguration org.wecancodeit.reviewsitemvcjalynjenkins.ReviewSiteApplication for test class org.wecancodeit.reviewsitemvcjalynjenkins.ReviewSiteApplicationTests
2022-06-14 13:42:53.096  INFO 3713 --- [    Test worker] .b.t.c.SpringBootTestContextBootstrapper : Loaded default TestExecutionListener class names from location [META-INF/spring.factories]: [org.springframework.boot.test.autoconfigure.restdocs.RestDocsTestExecutionListener, org.springframework.boot.test.autoconfigure.web.client.MockRestServiceServerResetTestExecutionListener, org.springframework.boot.test.autoconfigure.web.servlet.MockMvcPrintOnlyOnFailureTestExecutionListener, org.springframework.boot.test.autoconfigure.web.servlet.WebDriverTestExecutionListener, org.springframework.boot.test.autoconfigure.webservices.client.MockWebServiceServerTestExecutionListener, org.springframework.boot.test.mock.mockito.MockitoTestExecutionListener, org.springframework.boot.test.mock.mockito.ResetMocksTestExecutionListener, org.springframework.test.context.web.ServletTestExecutionListener, org.springframework.test.context.support.DirtiesContextBeforeModesTestExecutionListener, org.springframework.test.context.event.ApplicationEventsTestExecutionListener, org.springframework.test.context.support.DependencyInjectionTestExecutionListener, org.springframework.test.context.support.DirtiesContextTestExecutionListener, org.springframework.test.context.transaction.TransactionalTestExecutionListener, org.springframework.test.context.jdbc.SqlScriptsTestExecutionListener, org.springframework.test.context.event.EventPublishingTestExecutionListener]
2022-06-14 13:42:53.097  INFO 3713 --- [    Test worker] .b.t.c.SpringBootTestContextBootstrapper : Using TestExecutionListeners: [org.springframework.test.context.web.ServletTestExecutionListener@6921cfa, org.springframework.test.context.support.DirtiesContextBeforeModesTestExecutionListener@523abba9, org.springframework.test.context.event.ApplicationEventsTestExecutionListener@6e090aaa, org.springframework.boot.test.mock.mockito.MockitoTestExecutionListener@15d79b70, org.springframework.boot.test.autoconfigure.SpringBootDependencyInjectionTestExecutionListener@33430fc, org.springframework.test.context.support.DirtiesContextTestExecutionListener@45424c0, org.springframework.test.context.event.EventPublishingTestExecutionListener@22ae32ba, org.springframework.boot.test.autoconfigure.restdocs.RestDocsTestExecutionListener@b8b2184, org.springframework.boot.test.autoconfigure.web.client.MockRestServiceServerResetTestExecutionListener@299a43d9, org.springframework.boot.test.autoconfigure.web.servlet.MockMvcPrintOnlyOnFailureTestExecutionListener@ccd000e, org.springframework.boot.test.autoconfigure.web.servlet.WebDriverTestExecutionListener@5fa5c8cf, org.springframework.boot.test.autoconfigure.webservices.client.MockWebServiceServerTestExecutionListener@d7055be, org.springframework.boot.test.mock.mockito.ResetMocksTestExecutionListener@768f4b42]

  .   ____          _            __ _ _
 /\\ / ___'_ __ _ _(_)_ __  __ _ \ \ \ \
( ( )\___ | '_ | '_| | '_ \/ _` | \ \ \ \
 \\/  ___)| |_)| | | | | || (_| |  ) ) ) )
  '  |____| .__|_| |_|_| |_\__, | / / / /
 =========|_|==============|___/=/_/_/_/
 :: Spring Boot ::                (v2.7.0)

2022-06-14 13:42:53.119  INFO 3713 --- [    Test worker] o.w.r.ReviewSiteApplicationTests         : Starting ReviewSiteApplicationTests using Java 11.0.14.1 on PRIVATE-DANCERs-MacBook-Pro.local with PID 3713 (started by jawnaddict in /Users/jawnaddict/wcci-pt-april-2022/review-site-mvc-jalynjenkins)
2022-06-14 13:42:53.120  INFO 3713 --- [    Test worker] o.w.r.ReviewSiteApplicationTests         : No active profile set, falling back to 1 default profile: "default"
2022-06-14 13:42:53.688  INFO 3713 --- [    Test worker] o.w.r.ReviewSiteApplicationTests         : Started ReviewSiteApplicationTests in 0.588 seconds (JVM running for 4.316)
]]></system-out>
  <system-err><![CDATA[]]></system-err>
</testsuite>
